<?xml version="1.0" encoding="utf-8"?><testsuites><testsuite name="pytest" errors="0" failures="0" skipped="0" tests="37" time="0.422" timestamp="2024-11-18T11:27:21.619972+07:00" hostname="zizy"><testcase classname="test_calculations" name="test_multiply" time="0.001" /><testcase classname="test_calculations" name="test_divide" time="0.001" /><testcase classname="test_calculations" name="test_distance" time="0.001" /><testcase classname="test_calculations" name="test_solve_quadratic" time="0.001" /><testcase classname="test_calculations" name="test_geometric_sum" time="0.001" /><testcase classname="test_math_and_text_functions.TestMathFunctions" name="test_multiply[2-3-6]" time="0.001" /><testcase classname="test_math_and_text_functions.TestMathFunctions" name="test_multiply[-1-5--5]" time="0.001" /><testcase classname="test_math_and_text_functions.TestMathFunctions" name="test_multiply[0-10-0]" time="0.001" /><testcase classname="test_math_and_text_functions.TestMathFunctions" name="test_multiply[7--2--14]" time="0.001" /><testcase classname="test_math_and_text_functions.TestMathFunctions" name="test_multiply[5-5-25]" time="0.001" /><testcase classname="test_math_and_text_functions.TestMathFunctions" name="test_divide[10-2-5]" time="0.001" /><testcase classname="test_math_and_text_functions.TestMathFunctions" name="test_divide[9-3-3]" time="0.001" /><testcase classname="test_math_and_text_functions.TestMathFunctions" name="test_divide[-12-4--3]" time="0.002" /><testcase classname="test_math_and_text_functions.TestMathFunctions" name="test_divide[0-1-0]" time="0.001" /><testcase classname="test_math_and_text_functions.TestMathFunctions" name="test_divide[7--1--7]" time="0.001" /><testcase classname="test_math_and_text_functions.TestMathFunctions" name="test_distance[0-0-3-4-5]" time="0.002" /><testcase classname="test_math_and_text_functions.TestMathFunctions" name="test_distance[1-1-4-5-5]" time="0.001" /><testcase classname="test_math_and_text_functions.TestMathFunctions" name="test_distance[0-0-0-0-0]" time="0.001" /><testcase classname="test_math_and_text_functions.TestMathFunctions" name="test_distance[-1--1--4--5-5]" time="0.001" /><testcase classname="test_math_and_text_functions.TestMathFunctions" name="test_distance[2-2-5-6-5]" time="0.001" /><testcase classname="test_math_and_text_functions.TestMathFunctions" name="test_solve_quadratic[1--3-2-expected0]" time="0.001" /><testcase classname="test_math_and_text_functions.TestMathFunctions" name="test_solve_quadratic[1-2-1-expected1]" time="0.001" /><testcase classname="test_math_and_text_functions.TestMathFunctions" name="test_solve_quadratic[0-1--5-expected2]" time="0.001" /><testcase classname="test_math_and_text_functions.TestMathFunctions" name="test_solve_quadratic[1-0--4-expected3]" time="0.001" /><testcase classname="test_math_and_text_functions.TestMathFunctions" name="test_solve_quadratic[1-1-1-None]" time="0.001" /><testcase classname="test_math_and_text_functions.TestMathFunctions" name="test_geometric_sum[1-0.5-3-1.75]" time="0.001" /><testcase classname="test_math_and_text_functions.TestMathFunctions" name="test_geometric_sum[2-1-5-10]" time="0.001" /><testcase classname="test_math_and_text_functions.TestMathFunctions" name="test_geometric_sum[5-2-3-35]" time="0.001" /><testcase classname="test_math_and_text_functions.TestMathFunctions" name="test_geometric_sum[3--1-4-0]" time="0.001" /><testcase classname="test_math_and_text_functions.TestMathFunctions" name="test_geometric_sum[1-0-4-1]" time="0.001" /><testcase classname="test_math_and_text_functions.TestTextFunctions" name="test_word_count[15]" time="0.013" /><testcase classname="test_math_and_text_functions.TestTextFunctions" name="test_to_upper[THIS IS A SAMPLE TEXT FILE. IT CONTAINS MULTIPLE WORDS AND SENTENCES FOR TESTING PURPOSES.]" time="0.001" /><testcase classname="test_math_and_text_functions.TestTextFunctions" name="test_contains_substring[sample-True]" time="0.001" /><testcase classname="test_math_and_text_functions.TestTextFunctions" name="test_contains_substring[missing-False]" time="0.001" /><testcase classname="test_math_and_text_functions.TestTextFunctions" name="test_contains_substring[text file-True]" time="0.001" /><testcase classname="test_math_and_text_functions.TestTextFunctions" name="test_contains_substring[multiple-True]" time="0.001" /><testcase classname="test_math_and_text_functions.TestTextFunctions" name="test_contains_substring[absent-False]" time="0.001" /></testsuite></testsuites>